<?xml version="1.0" encoding="UTF-8"?>
<testng-results ignored="0" total="24" passed="18" failed="1" skipped="5">
  <reporter-output>
  </reporter-output>
  <suite started-at="2024-03-09T16:51:34 IST" name="Default suite" finished-at="2024-03-09T16:51:54 IST" duration-ms="20202">
    <groups>
    </groups>
    <test started-at="2024-03-09T16:51:34 IST" name="Default test" finished-at="2024-03-09T16:51:54 IST" duration-ms="20202">
      <class name="SeleniumPack.Test1code">
        <test-method is-config="true" signature="setUp()[pri:0, instance:SeleniumPack.Test1code@54107f42]" started-at="2024-03-09T16:51:34 IST" name="setUp" finished-at="2024-03-09T16:51:36 IST" duration-ms="2176" status="PASS">
          <reporter-output>
          </reporter-output>
        </test-method> <!-- setUp -->
        <test-method is-config="true" signature="navigateToLoginPage()[pri:0, instance:SeleniumPack.Test1code@54107f42]" started-at="2024-03-09T16:51:36 IST" name="navigateToLoginPage" finished-at="2024-03-09T16:51:37 IST" duration-ms="203" status="PASS">
          <reporter-output>
          </reporter-output>
        </test-method> <!-- navigateToLoginPage -->
        <test-method signature="WebsiteTitleTesting()[pri:1, instance:SeleniumPack.Test1code@54107f42]" started-at="2024-03-09T16:51:37 IST" name="WebsiteTitleTesting" finished-at="2024-03-09T16:51:37 IST" duration-ms="44" status="PASS">
          <reporter-output>
          </reporter-output>
        </test-method> <!-- WebsiteTitleTesting -->
        <test-method is-config="true" signature="navigateToLoginPage()[pri:0, instance:SeleniumPack.Test1code@54107f42]" started-at="2024-03-09T16:51:37 IST" name="navigateToLoginPage" finished-at="2024-03-09T16:51:37 IST" duration-ms="189" status="PASS">
          <reporter-output>
          </reporter-output>
        </test-method> <!-- navigateToLoginPage -->
        <test-method signature="UsernamePasswordTesting(java.lang.String,java.lang.String)[pri:2, instance:SeleniumPack.Test1code@54107f42]" started-at="2024-03-09T16:51:37 IST" name="UsernamePasswordTesting" data-provider="usernamesAndPasswords" finished-at="2024-03-09T16:51:37 IST" duration-ms="146" status="PASS">
          <params>
            <param index="0">
              <value>
                <![CDATA[user_123@example.com]]>
              </value>
            </param>
            <param index="1">
              <value>
                <![CDATA[password1]]>
              </value>
            </param>
          </params>
          <reporter-output>
          </reporter-output>
        </test-method> <!-- UsernamePasswordTesting -->
        <test-method is-config="true" signature="navigateToLoginPage()[pri:0, instance:SeleniumPack.Test1code@54107f42]" started-at="2024-03-09T16:51:37 IST" name="navigateToLoginPage" finished-at="2024-03-09T16:51:37 IST" duration-ms="201" status="PASS">
          <reporter-output>
          </reporter-output>
        </test-method> <!-- navigateToLoginPage -->
        <test-method signature="UsernamePasswordTesting(java.lang.String,java.lang.String)[pri:2, instance:SeleniumPack.Test1code@54107f42]" started-at="2024-03-09T16:51:37 IST" name="UsernamePasswordTesting" data-provider="usernamesAndPasswords" finished-at="2024-03-09T16:51:37 IST" duration-ms="120" status="PASS">
          <params>
            <param index="0">
              <value>
                <![CDATA[john-doe@example.com]]>
              </value>
            </param>
            <param index="1">
              <value>
                <![CDATA[password2]]>
              </value>
            </param>
          </params>
          <reporter-output>
          </reporter-output>
        </test-method> <!-- UsernamePasswordTesting -->
        <test-method is-config="true" signature="navigateToLoginPage()[pri:0, instance:SeleniumPack.Test1code@54107f42]" started-at="2024-03-09T16:51:37 IST" name="navigateToLoginPage" finished-at="2024-03-09T16:51:38 IST" duration-ms="192" status="PASS">
          <reporter-output>
          </reporter-output>
        </test-method> <!-- navigateToLoginPage -->
        <test-method signature="UsernamePasswordTesting(java.lang.String,java.lang.String)[pri:2, instance:SeleniumPack.Test1code@54107f42]" started-at="2024-03-09T16:51:38 IST" name="UsernamePasswordTesting" data-provider="usernamesAndPasswords" finished-at="2024-03-09T16:51:38 IST" duration-ms="123" status="PASS">
          <params>
            <param index="0">
              <value>
                <![CDATA[user.email@example.com]]>
              </value>
            </param>
            <param index="1">
              <value>
                <![CDATA[wonderland]]>
              </value>
            </param>
          </params>
          <reporter-output>
          </reporter-output>
        </test-method> <!-- UsernamePasswordTesting -->
        <test-method is-config="true" signature="navigateToLoginPage()[pri:0, instance:SeleniumPack.Test1code@54107f42]" started-at="2024-03-09T16:51:38 IST" name="navigateToLoginPage" finished-at="2024-03-09T16:51:38 IST" duration-ms="197" status="PASS">
          <reporter-output>
          </reporter-output>
        </test-method> <!-- navigateToLoginPage -->
        <test-method signature="UsernamePasswordTesting(java.lang.String,java.lang.String)[pri:2, instance:SeleniumPack.Test1code@54107f42]" started-at="2024-03-09T16:51:38 IST" name="UsernamePasswordTesting" data-provider="usernamesAndPasswords" finished-at="2024-03-09T16:51:38 IST" duration-ms="120" status="PASS">
          <params>
            <param index="0">
              <value>
                <![CDATA[jane.doe@example.com]]>
              </value>
            </param>
            <param index="1">
              <value>
                <![CDATA[admin123]]>
              </value>
            </param>
          </params>
          <reporter-output>
          </reporter-output>
        </test-method> <!-- UsernamePasswordTesting -->
        <test-method is-config="true" signature="navigateToLoginPage()[pri:0, instance:SeleniumPack.Test1code@54107f42]" started-at="2024-03-09T16:51:38 IST" name="navigateToLoginPage" finished-at="2024-03-09T16:51:38 IST" duration-ms="197" status="PASS">
          <reporter-output>
          </reporter-output>
        </test-method> <!-- navigateToLoginPage -->
        <test-method signature="UsernamePasswordTesting(java.lang.String,java.lang.String)[pri:2, instance:SeleniumPack.Test1code@54107f42]" started-at="2024-03-09T16:51:38 IST" name="UsernamePasswordTesting" data-provider="usernamesAndPasswords" finished-at="2024-03-09T16:51:38 IST" duration-ms="133" status="PASS">
          <params>
            <param index="0">
              <value>
                <![CDATA[invalid_user@example.com]]>
              </value>
            </param>
            <param index="1">
              <value>
                <![CDATA[invalid_password]]>
              </value>
            </param>
          </params>
          <reporter-output>
          </reporter-output>
        </test-method> <!-- UsernamePasswordTesting -->
        <test-method is-config="true" signature="navigateToLoginPage()[pri:0, instance:SeleniumPack.Test1code@54107f42]" started-at="2024-03-09T16:51:38 IST" name="navigateToLoginPage" finished-at="2024-03-09T16:51:39 IST" duration-ms="201" status="PASS">
          <reporter-output>
          </reporter-output>
        </test-method> <!-- navigateToLoginPage -->
        <test-method signature="UsernamePasswordTesting(java.lang.String,java.lang.String)[pri:2, instance:SeleniumPack.Test1code@54107f42]" started-at="2024-03-09T16:51:39 IST" name="UsernamePasswordTesting" data-provider="usernamesAndPasswords" finished-at="2024-03-09T16:51:39 IST" duration-ms="126" status="PASS">
          <params>
            <param index="0">
              <value>
                <![CDATA[user_123@example.com]]>
              </value>
            </param>
            <param index="1">
              <value>
                <![CDATA[wrong_password]]>
              </value>
            </param>
          </params>
          <reporter-output>
          </reporter-output>
        </test-method> <!-- UsernamePasswordTesting -->
        <test-method is-config="true" signature="navigateToLoginPage()[pri:0, instance:SeleniumPack.Test1code@54107f42]" started-at="2024-03-09T16:51:39 IST" name="navigateToLoginPage" finished-at="2024-03-09T16:51:39 IST" duration-ms="191" status="PASS">
          <reporter-output>
          </reporter-output>
        </test-method> <!-- navigateToLoginPage -->
        <test-method signature="UsernamePasswordTesting(java.lang.String,java.lang.String)[pri:2, instance:SeleniumPack.Test1code@54107f42]" started-at="2024-03-09T16:51:39 IST" name="UsernamePasswordTesting" data-provider="usernamesAndPasswords" finished-at="2024-03-09T16:51:39 IST" duration-ms="125" status="PASS">
          <params>
            <param index="0">
              <value>
                <![CDATA[jane.doe@example.com]]>
              </value>
            </param>
            <param index="1">
              <value>
                <![CDATA[incorrect_pass]]>
              </value>
            </param>
          </params>
          <reporter-output>
          </reporter-output>
        </test-method> <!-- UsernamePasswordTesting -->
        <test-method is-config="true" signature="navigateToLoginPage()[pri:0, instance:SeleniumPack.Test1code@54107f42]" started-at="2024-03-09T16:51:39 IST" name="navigateToLoginPage" finished-at="2024-03-09T16:51:39 IST" duration-ms="200" status="PASS">
          <reporter-output>
          </reporter-output>
        </test-method> <!-- navigateToLoginPage -->
        <test-method signature="UsernamePasswordTesting(java.lang.String,java.lang.String)[pri:2, instance:SeleniumPack.Test1code@54107f42]" started-at="2024-03-09T16:51:39 IST" name="UsernamePasswordTesting" data-provider="usernamesAndPasswords" finished-at="2024-03-09T16:51:39 IST" duration-ms="107" status="PASS">
          <params>
            <param index="0">
              <value>
                <![CDATA[user@company.com]]>
              </value>
            </param>
            <param index="1">
              <value>
                <![CDATA[test123]]>
              </value>
            </param>
          </params>
          <reporter-output>
          </reporter-output>
        </test-method> <!-- UsernamePasswordTesting -->
        <test-method is-config="true" signature="navigateToLoginPage()[pri:0, instance:SeleniumPack.Test1code@54107f42]" started-at="2024-03-09T16:51:39 IST" name="navigateToLoginPage" finished-at="2024-03-09T16:51:39 IST" duration-ms="186" status="PASS">
          <reporter-output>
          </reporter-output>
        </test-method> <!-- navigateToLoginPage -->
        <test-method signature="UsernamePasswordTesting(java.lang.String,java.lang.String)[pri:2, instance:SeleniumPack.Test1code@54107f42]" started-at="2024-03-09T16:51:39 IST" name="UsernamePasswordTesting" data-provider="usernamesAndPasswords" finished-at="2024-03-09T16:51:40 IST" duration-ms="99" status="PASS">
          <params>
            <param index="0">
              <value>
                <![CDATA[user_456]]>
              </value>
            </param>
            <param index="1">
              <value>
                <![CDATA[letmein]]>
              </value>
            </param>
          </params>
          <reporter-output>
          </reporter-output>
        </test-method> <!-- UsernamePasswordTesting -->
        <test-method is-config="true" signature="navigateToLoginPage()[pri:0, instance:SeleniumPack.Test1code@54107f42]" started-at="2024-03-09T16:51:40 IST" name="navigateToLoginPage" finished-at="2024-03-09T16:51:40 IST" duration-ms="192" status="PASS">
          <reporter-output>
          </reporter-output>
        </test-method> <!-- navigateToLoginPage -->
        <test-method signature="UsernamePasswordTesting(java.lang.String,java.lang.String)[pri:2, instance:SeleniumPack.Test1code@54107f42]" started-at="2024-03-09T16:51:40 IST" name="UsernamePasswordTesting" data-provider="usernamesAndPasswords" finished-at="2024-03-09T16:51:40 IST" duration-ms="105" status="PASS">
          <params>
            <param index="0">
              <value>
                <![CDATA[bobJones]]>
              </value>
            </param>
            <param index="1">
              <value>
                <![CDATA[securepass]]>
              </value>
            </param>
          </params>
          <reporter-output>
          </reporter-output>
        </test-method> <!-- UsernamePasswordTesting -->
        <test-method is-config="true" signature="navigateToLoginPage()[pri:0, instance:SeleniumPack.Test1code@54107f42]" started-at="2024-03-09T16:51:40 IST" name="navigateToLoginPage" finished-at="2024-03-09T16:51:40 IST" duration-ms="191" status="PASS">
          <reporter-output>
          </reporter-output>
        </test-method> <!-- navigateToLoginPage -->
        <test-method signature="UsernamePasswordTesting(java.lang.String,java.lang.String)[pri:2, instance:SeleniumPack.Test1code@54107f42]" started-at="2024-03-09T16:51:40 IST" name="UsernamePasswordTesting" data-provider="usernamesAndPasswords" finished-at="2024-03-09T16:51:40 IST" duration-ms="94" status="PASS">
          <params>
            <param index="0">
              <value>
                <![CDATA[user123]]>
              </value>
            </param>
            <param index="1">
              <value>
                <![CDATA[myp@ss]]>
              </value>
            </param>
          </params>
          <reporter-output>
          </reporter-output>
        </test-method> <!-- UsernamePasswordTesting -->
        <test-method is-config="true" signature="navigateToLoginPage()[pri:0, instance:SeleniumPack.Test1code@54107f42]" started-at="2024-03-09T16:51:40 IST" name="navigateToLoginPage" finished-at="2024-03-09T16:51:40 IST" duration-ms="193" status="PASS">
          <reporter-output>
          </reporter-output>
        </test-method> <!-- navigateToLoginPage -->
        <test-method signature="UsernamePasswordTesting(java.lang.String,java.lang.String)[pri:2, instance:SeleniumPack.Test1code@54107f42]" started-at="2024-03-09T16:51:40 IST" name="UsernamePasswordTesting" data-provider="usernamesAndPasswords" finished-at="2024-03-09T16:51:40 IST" duration-ms="96" status="PASS">
          <params>
            <param index="0">
              <value>
                <![CDATA[user-789]]>
              </value>
            </param>
            <param index="1">
              <value>
                <![CDATA[changeme]]>
              </value>
            </param>
          </params>
          <reporter-output>
          </reporter-output>
        </test-method> <!-- UsernamePasswordTesting -->
        <test-method is-config="true" signature="navigateToLoginPage()[pri:0, instance:SeleniumPack.Test1code@54107f42]" started-at="2024-03-09T16:51:40 IST" name="navigateToLoginPage" finished-at="2024-03-09T16:51:41 IST" duration-ms="192" status="PASS">
          <reporter-output>
          </reporter-output>
        </test-method> <!-- navigateToLoginPage -->
        <test-method signature="UsernamePasswordTesting(java.lang.String,java.lang.String)[pri:2, instance:SeleniumPack.Test1code@54107f42]" started-at="2024-03-09T16:51:41 IST" name="UsernamePasswordTesting" data-provider="usernamesAndPasswords" finished-at="2024-03-09T16:51:41 IST" duration-ms="105" status="PASS">
          <params>
            <param index="0">
              <value>
                <![CDATA[user_abc]]>
              </value>
            </param>
            <param index="1">
              <value>
                <![CDATA[password123]]>
              </value>
            </param>
          </params>
          <reporter-output>
          </reporter-output>
        </test-method> <!-- UsernamePasswordTesting -->
        <test-method is-config="true" signature="navigateToLoginPage()[pri:0, instance:SeleniumPack.Test1code@54107f42]" started-at="2024-03-09T16:51:41 IST" name="navigateToLoginPage" finished-at="2024-03-09T16:51:41 IST" duration-ms="190" status="PASS">
          <reporter-output>
          </reporter-output>
        </test-method> <!-- navigateToLoginPage -->
        <test-method signature="UsernamePasswordTesting(java.lang.String,java.lang.String)[pri:2, instance:SeleniumPack.Test1code@54107f42]" started-at="2024-03-09T16:51:41 IST" name="UsernamePasswordTesting" data-provider="usernamesAndPasswords" finished-at="2024-03-09T16:51:41 IST" duration-ms="98" status="PASS">
          <params>
            <param index="0">
              <value>
                <![CDATA[user_789]]>
              </value>
            </param>
            <param index="1">
              <value>
                <![CDATA[welcome]]>
              </value>
            </param>
          </params>
          <reporter-output>
          </reporter-output>
        </test-method> <!-- UsernamePasswordTesting -->
        <test-method is-config="true" signature="navigateToLoginPage()[pri:0, instance:SeleniumPack.Test1code@54107f42]" started-at="2024-03-09T16:51:41 IST" name="navigateToLoginPage" finished-at="2024-03-09T16:51:41 IST" duration-ms="191" status="PASS">
          <reporter-output>
          </reporter-output>
        </test-method> <!-- navigateToLoginPage -->
        <test-method signature="UsernamePasswordTesting(java.lang.String,java.lang.String)[pri:2, instance:SeleniumPack.Test1code@54107f42]" started-at="2024-03-09T16:51:41 IST" name="UsernamePasswordTesting" data-provider="usernamesAndPasswords" finished-at="2024-03-09T16:51:41 IST" duration-ms="101" status="PASS">
          <params>
            <param index="0">
              <value>
                <![CDATA[pass_word]]>
              </value>
            </param>
            <param index="1">
              <value>
                <![CDATA[pass@word]]>
              </value>
            </param>
          </params>
          <reporter-output>
          </reporter-output>
        </test-method> <!-- UsernamePasswordTesting -->
        <test-method is-config="true" signature="navigateToLoginPage()[pri:0, instance:SeleniumPack.Test1code@54107f42]" started-at="2024-03-09T16:51:41 IST" name="navigateToLoginPage" finished-at="2024-03-09T16:51:42 IST" duration-ms="205" status="PASS">
          <reporter-output>
          </reporter-output>
        </test-method> <!-- navigateToLoginPage -->
        <test-method signature="UsernamePasswordTesting(java.lang.String,java.lang.String)[pri:2, instance:SeleniumPack.Test1code@54107f42]" started-at="2024-03-09T16:51:42 IST" name="UsernamePasswordTesting" data-provider="usernamesAndPasswords" finished-at="2024-03-09T16:51:42 IST" duration-ms="94" status="PASS">
          <params>
            <param index="0">
              <value>
                <![CDATA[user_10]]>
              </value>
            </param>
            <param index="1">
              <value>
                <![CDATA[123456]]>
              </value>
            </param>
          </params>
          <reporter-output>
          </reporter-output>
        </test-method> <!-- UsernamePasswordTesting -->
        <test-method is-config="true" signature="navigateToLoginPage()[pri:0, instance:SeleniumPack.Test1code@54107f42]" started-at="2024-03-09T16:51:42 IST" name="navigateToLoginPage" finished-at="2024-03-09T16:51:42 IST" duration-ms="189" status="PASS">
          <reporter-output>
          </reporter-output>
        </test-method> <!-- navigateToLoginPage -->
        <test-method signature="CorrectUserPassTesting()[pri:3, instance:SeleniumPack.Test1code@54107f42]" started-at="2024-03-09T16:51:42 IST" name="CorrectUserPassTesting" finished-at="2024-03-09T16:51:43 IST" depends-on-methods="SeleniumPack.Test1code.UsernamePasswordTesting, SeleniumPack.Test1code.WebsiteTitleTesting" duration-ms="878" status="PASS">
          <reporter-output>
          </reporter-output>
        </test-method> <!-- CorrectUserPassTesting -->
        <test-method is-config="true" signature="navigateToLoginPage()[pri:0, instance:SeleniumPack.Test1code@54107f42]" started-at="2024-03-09T16:51:43 IST" name="navigateToLoginPage" finished-at="2024-03-09T16:51:43 IST" duration-ms="247" status="PASS">
          <reporter-output>
          </reporter-output>
        </test-method> <!-- navigateToLoginPage -->
        <test-method signature="MachineModuleTesting()[pri:4, instance:SeleniumPack.Test1code@54107f42]" started-at="2024-03-09T16:51:43 IST" name="MachineModuleTesting" finished-at="2024-03-09T16:51:54 IST" depends-on-methods="SeleniumPack.Test1code.UsernamePasswordTesting, SeleniumPack.Test1code.WebsiteTitleTesting, SeleniumPack.Test1code.CorrectUserPassTesting" duration-ms="11093" status="FAIL">
          <exception class="org.openqa.selenium.ElementNotInteractableException">
            <message>
              <![CDATA[element not interactable
  (Session info: chrome=122.0.6261.112)
Build info: version: '4.17.0', revision: 'e52b1be057*'
System info: os.name: 'Windows 11', os.arch: 'amd64', os.version: '10.0', java.version: '21.0.1'
Driver info: org.openqa.selenium.chrome.ChromeDriver
Command: [b8649df141c79d4aea2968c5ac8fe150, clickElement {id=f.09F8F26D8FA5ADA566D4CB3779628C42.d.DB8A0C1C7ACB49D50A9BE44F7C5C003A.e.485}]
Capabilities {acceptInsecureCerts: false, browserName: chrome, browserVersion: 122.0.6261.112, chrome: {chromedriverVersion: 122.0.6261.94 (880dbf29479c..., userDataDir: C:\Users\mazzm\AppData\Loca...}, fedcm:accounts: true, goog:chromeOptions: {debuggerAddress: localhost:57916}, networkConnectionEnabled: false, pageLoadStrategy: normal, platformName: windows, proxy: Proxy(), se:cdp: ws://localhost:57916/devtoo..., se:cdpVersion: 122.0.6261.112, setWindowRect: true, strictFileInteractability: false, timeouts: {implicit: 0, pageLoad: 300000, script: 30000}, unhandledPromptBehavior: dismiss and notify, webauthn:extension:credBlob: true, webauthn:extension:largeBlob: true, webauthn:extension:minPinLength: true, webauthn:extension:prf: true, webauthn:virtualAuthenticators: true}
Element: [[ChromeDriver: chrome on windows (b8649df141c79d4aea2968c5ac8fe150)] -> xpath: /html/body/div/div[1]/ul/li[4]/ul/li[1]/div[2]/a]
Session ID: b8649df141c79d4aea2968c5ac8fe150]]>
            </message>
            <full-stacktrace>
              <![CDATA[org.openqa.selenium.ElementNotInteractableException: element not interactable
  (Session info: chrome=122.0.6261.112)
Build info: version: '4.17.0', revision: 'e52b1be057*'
System info: os.name: 'Windows 11', os.arch: 'amd64', os.version: '10.0', java.version: '21.0.1'
Driver info: org.openqa.selenium.chrome.ChromeDriver
Command: [b8649df141c79d4aea2968c5ac8fe150, clickElement {id=f.09F8F26D8FA5ADA566D4CB3779628C42.d.DB8A0C1C7ACB49D50A9BE44F7C5C003A.e.485}]
Capabilities {acceptInsecureCerts: false, browserName: chrome, browserVersion: 122.0.6261.112, chrome: {chromedriverVersion: 122.0.6261.94 (880dbf29479c..., userDataDir: C:\Users\mazzm\AppData\Loca...}, fedcm:accounts: true, goog:chromeOptions: {debuggerAddress: localhost:57916}, networkConnectionEnabled: false, pageLoadStrategy: normal, platformName: windows, proxy: Proxy(), se:cdp: ws://localhost:57916/devtoo..., se:cdpVersion: 122.0.6261.112, setWindowRect: true, strictFileInteractability: false, timeouts: {implicit: 0, pageLoad: 300000, script: 30000}, unhandledPromptBehavior: dismiss and notify, webauthn:extension:credBlob: true, webauthn:extension:largeBlob: true, webauthn:extension:minPinLength: true, webauthn:extension:prf: true, webauthn:virtualAuthenticators: true}
Element: [[ChromeDriver: chrome on windows (b8649df141c79d4aea2968c5ac8fe150)] -> xpath: /html/body/div/div[1]/ul/li[4]/ul/li[1]/div[2]/a]
Session ID: b8649df141c79d4aea2968c5ac8fe150
at java.base/jdk.internal.reflect.DirectConstructorHandleAccessor.newInstance(DirectConstructorHandleAccessor.java:62)
at java.base/java.lang.reflect.Constructor.newInstanceWithCaller(Constructor.java:502)
at java.base/java.lang.reflect.Constructor.newInstance(Constructor.java:486)
at org.openqa.selenium.remote.codec.w3c.W3CHttpResponseCodec.createException(W3CHttpResponseCodec.java:200)
at org.openqa.selenium.remote.codec.w3c.W3CHttpResponseCodec.decode(W3CHttpResponseCodec.java:133)
at org.openqa.selenium.remote.codec.w3c.W3CHttpResponseCodec.decode(W3CHttpResponseCodec.java:52)
at org.openqa.selenium.remote.HttpCommandExecutor.execute(HttpCommandExecutor.java:191)
at org.openqa.selenium.remote.service.DriverCommandExecutor.invokeExecute(DriverCommandExecutor.java:200)
at org.openqa.selenium.remote.service.DriverCommandExecutor.execute(DriverCommandExecutor.java:175)
at org.openqa.selenium.remote.RemoteWebDriver.execute(RemoteWebDriver.java:523)
at org.openqa.selenium.remote.RemoteWebElement.execute(RemoteWebElement.java:224)
at org.openqa.selenium.remote.RemoteWebElement.click(RemoteWebElement.java:77)
at SeleniumPack.Test1code.MachineModuleTesting(Test1code.java:263)
at java.base/jdk.internal.reflect.DirectMethodHandleAccessor.invoke(DirectMethodHandleAccessor.java:103)
at java.base/java.lang.reflect.Method.invoke(Method.java:580)
at org.testng.internal.MethodInvocationHelper.invokeMethod(MethodInvocationHelper.java:133)
at org.testng.internal.TestInvoker.invokeMethod(TestInvoker.java:598)
at org.testng.internal.TestInvoker.invokeTestMethod(TestInvoker.java:173)
at org.testng.internal.MethodRunner.runInSequence(MethodRunner.java:46)
at org.testng.internal.TestInvoker$MethodInvocationAgent.invoke(TestInvoker.java:824)
at org.testng.internal.TestInvoker.invokeTestMethods(TestInvoker.java:146)
at org.testng.internal.TestMethodWorker.invokeTestMethods(TestMethodWorker.java:146)
at org.testng.internal.TestMethodWorker.run(TestMethodWorker.java:128)
at java.base/java.util.ArrayList.forEach(ArrayList.java:1596)
at org.testng.TestRunner.privateRun(TestRunner.java:794)
at org.testng.TestRunner.run(TestRunner.java:596)
at org.testng.SuiteRunner.runTest(SuiteRunner.java:377)
at org.testng.SuiteRunner.runSequentially(SuiteRunner.java:371)
at org.testng.SuiteRunner.privateRun(SuiteRunner.java:332)
at org.testng.SuiteRunner.run(SuiteRunner.java:276)
at org.testng.SuiteRunnerWorker.runSuite(SuiteRunnerWorker.java:53)
at org.testng.SuiteRunnerWorker.run(SuiteRunnerWorker.java:96)
at org.testng.TestNG.runSuitesSequentially(TestNG.java:1212)
at org.testng.TestNG.runSuitesLocally(TestNG.java:1134)
at org.testng.TestNG.runSuites(TestNG.java:1063)
at org.testng.TestNG.run(TestNG.java:1031)
at org.testng.remote.AbstractRemoteTestNG.run(AbstractRemoteTestNG.java:115)
at org.testng.remote.RemoteTestNG.initAndRun(RemoteTestNG.java:251)
at org.testng.remote.RemoteTestNG.main(RemoteTestNG.java:77)
]]>
            </full-stacktrace>
          </exception> <!-- org.openqa.selenium.ElementNotInteractableException -->
          <reporter-output>
          </reporter-output>
        </test-method> <!-- MachineModuleTesting -->
        <test-method signature="GeneralModuleTesting()[pri:6, instance:SeleniumPack.Test1code@54107f42]" started-at="2024-03-09T16:51:54 IST" name="GeneralModuleTesting" finished-at="2024-03-09T16:51:54 IST" depends-on-methods="SeleniumPack.Test1code.UsernamePasswordTesting, SeleniumPack.Test1code.WebsiteTitleTesting, SeleniumPack.Test1code.MachineModuleTesting, SeleniumPack.Test1code.CorrectUserPassTesting" duration-ms="0" status="SKIP">
          <exception class="java.lang.Throwable">
            <message>
              <![CDATA[Method Test1code.GeneralModuleTesting()[pri:6, instance:SeleniumPack.Test1code@54107f42] depends on not successfully finished methods]]>
            </message>
            <full-stacktrace>
              <![CDATA[java.lang.Throwable: Method Test1code.GeneralModuleTesting()[pri:6, instance:SeleniumPack.Test1code@54107f42] depends on not successfully finished methods
at org.testng.internal.TestInvoker.invokeTestMethods(TestInvoker.java:102)
at org.testng.internal.TestMethodWorker.invokeTestMethods(TestMethodWorker.java:146)
at org.testng.internal.TestMethodWorker.run(TestMethodWorker.java:128)
at java.base/java.util.ArrayList.forEach(ArrayList.java:1596)
at org.testng.TestRunner.privateRun(TestRunner.java:794)
at org.testng.TestRunner.run(TestRunner.java:596)
at org.testng.SuiteRunner.runTest(SuiteRunner.java:377)
at org.testng.SuiteRunner.runSequentially(SuiteRunner.java:371)
at org.testng.SuiteRunner.privateRun(SuiteRunner.java:332)
at org.testng.SuiteRunner.run(SuiteRunner.java:276)
at org.testng.SuiteRunnerWorker.runSuite(SuiteRunnerWorker.java:53)
at org.testng.SuiteRunnerWorker.run(SuiteRunnerWorker.java:96)
at org.testng.TestNG.runSuitesSequentially(TestNG.java:1212)
at org.testng.TestNG.runSuitesLocally(TestNG.java:1134)
at org.testng.TestNG.runSuites(TestNG.java:1063)
at org.testng.TestNG.run(TestNG.java:1031)
at org.testng.remote.AbstractRemoteTestNG.run(AbstractRemoteTestNG.java:115)
at org.testng.remote.RemoteTestNG.initAndRun(RemoteTestNG.java:251)
at org.testng.remote.RemoteTestNG.main(RemoteTestNG.java:77)
]]>
            </full-stacktrace>
          </exception> <!-- java.lang.Throwable -->
          <reporter-output>
          </reporter-output>
        </test-method> <!-- GeneralModuleTesting -->
        <test-method signature="DailyProductionStatus()[pri:7, instance:SeleniumPack.Test1code@54107f42]" started-at="2024-03-09T16:51:54 IST" name="DailyProductionStatus" finished-at="2024-03-09T16:51:54 IST" depends-on-methods="SeleniumPack.Test1code.UsernamePasswordTesting, SeleniumPack.Test1code.UserModuleTesting, SeleniumPack.Test1code.WebsiteTitleTesting, SeleniumPack.Test1code.MachineModuleTesting, SeleniumPack.Test1code.CorrectUserPassTesting, SeleniumPack.Test1code.GeneralModuleTesting" duration-ms="0" status="SKIP">
          <exception class="java.lang.Throwable">
            <message>
              <![CDATA[Method Test1code.DailyProductionStatus()[pri:7, instance:SeleniumPack.Test1code@54107f42] depends on not successfully finished methods]]>
            </message>
            <full-stacktrace>
              <![CDATA[java.lang.Throwable: Method Test1code.DailyProductionStatus()[pri:7, instance:SeleniumPack.Test1code@54107f42] depends on not successfully finished methods
at org.testng.internal.TestInvoker.invokeTestMethods(TestInvoker.java:102)
at org.testng.internal.TestMethodWorker.invokeTestMethods(TestMethodWorker.java:146)
at org.testng.internal.TestMethodWorker.run(TestMethodWorker.java:128)
at java.base/java.util.ArrayList.forEach(ArrayList.java:1596)
at org.testng.TestRunner.privateRun(TestRunner.java:794)
at org.testng.TestRunner.run(TestRunner.java:596)
at org.testng.SuiteRunner.runTest(SuiteRunner.java:377)
at org.testng.SuiteRunner.runSequentially(SuiteRunner.java:371)
at org.testng.SuiteRunner.privateRun(SuiteRunner.java:332)
at org.testng.SuiteRunner.run(SuiteRunner.java:276)
at org.testng.SuiteRunnerWorker.runSuite(SuiteRunnerWorker.java:53)
at org.testng.SuiteRunnerWorker.run(SuiteRunnerWorker.java:96)
at org.testng.TestNG.runSuitesSequentially(TestNG.java:1212)
at org.testng.TestNG.runSuitesLocally(TestNG.java:1134)
at org.testng.TestNG.runSuites(TestNG.java:1063)
at org.testng.TestNG.run(TestNG.java:1031)
at org.testng.remote.AbstractRemoteTestNG.run(AbstractRemoteTestNG.java:115)
at org.testng.remote.RemoteTestNG.initAndRun(RemoteTestNG.java:251)
at org.testng.remote.RemoteTestNG.main(RemoteTestNG.java:77)
]]>
            </full-stacktrace>
          </exception> <!-- java.lang.Throwable -->
          <reporter-output>
          </reporter-output>
        </test-method> <!-- DailyProductionStatus -->
        <test-method signature="UserModuleTesting()[pri:7, instance:SeleniumPack.Test1code@54107f42]" started-at="2024-03-09T16:51:54 IST" name="UserModuleTesting" finished-at="2024-03-09T16:51:54 IST" depends-on-methods="SeleniumPack.Test1code.UsernamePasswordTesting, SeleniumPack.Test1code.WebsiteTitleTesting, SeleniumPack.Test1code.MachineModuleTesting, SeleniumPack.Test1code.CorrectUserPassTesting, SeleniumPack.Test1code.GeneralModuleTesting" duration-ms="0" status="SKIP">
          <exception class="java.lang.Throwable">
            <message>
              <![CDATA[Method Test1code.UserModuleTesting()[pri:7, instance:SeleniumPack.Test1code@54107f42] depends on not successfully finished methods]]>
            </message>
            <full-stacktrace>
              <![CDATA[java.lang.Throwable: Method Test1code.UserModuleTesting()[pri:7, instance:SeleniumPack.Test1code@54107f42] depends on not successfully finished methods
at org.testng.internal.TestInvoker.invokeTestMethods(TestInvoker.java:102)
at org.testng.internal.TestMethodWorker.invokeTestMethods(TestMethodWorker.java:146)
at org.testng.internal.TestMethodWorker.run(TestMethodWorker.java:128)
at java.base/java.util.ArrayList.forEach(ArrayList.java:1596)
at org.testng.TestRunner.privateRun(TestRunner.java:794)
at org.testng.TestRunner.run(TestRunner.java:596)
at org.testng.SuiteRunner.runTest(SuiteRunner.java:377)
at org.testng.SuiteRunner.runSequentially(SuiteRunner.java:371)
at org.testng.SuiteRunner.privateRun(SuiteRunner.java:332)
at org.testng.SuiteRunner.run(SuiteRunner.java:276)
at org.testng.SuiteRunnerWorker.runSuite(SuiteRunnerWorker.java:53)
at org.testng.SuiteRunnerWorker.run(SuiteRunnerWorker.java:96)
at org.testng.TestNG.runSuitesSequentially(TestNG.java:1212)
at org.testng.TestNG.runSuitesLocally(TestNG.java:1134)
at org.testng.TestNG.runSuites(TestNG.java:1063)
at org.testng.TestNG.run(TestNG.java:1031)
at org.testng.remote.AbstractRemoteTestNG.run(AbstractRemoteTestNG.java:115)
at org.testng.remote.RemoteTestNG.initAndRun(RemoteTestNG.java:251)
at org.testng.remote.RemoteTestNG.main(RemoteTestNG.java:77)
]]>
            </full-stacktrace>
          </exception> <!-- java.lang.Throwable -->
          <reporter-output>
          </reporter-output>
        </test-method> <!-- UserModuleTesting -->
        <test-method signature="ProductionDowntime()[pri:7, instance:SeleniumPack.Test1code@54107f42]" started-at="2024-03-09T16:51:54 IST" name="ProductionDowntime" finished-at="2024-03-09T16:51:54 IST" depends-on-methods="SeleniumPack.Test1code.UsernamePasswordTesting, SeleniumPack.Test1code.UserModuleTesting, SeleniumPack.Test1code.WebsiteTitleTesting, SeleniumPack.Test1code.MachineModuleTesting, SeleniumPack.Test1code.CorrectUserPassTesting, SeleniumPack.Test1code.GeneralModuleTesting" duration-ms="0" status="SKIP">
          <exception class="java.lang.Throwable">
            <message>
              <![CDATA[Method Test1code.ProductionDowntime()[pri:7, instance:SeleniumPack.Test1code@54107f42] depends on not successfully finished methods]]>
            </message>
            <full-stacktrace>
              <![CDATA[java.lang.Throwable: Method Test1code.ProductionDowntime()[pri:7, instance:SeleniumPack.Test1code@54107f42] depends on not successfully finished methods
at org.testng.internal.TestInvoker.invokeTestMethods(TestInvoker.java:102)
at org.testng.internal.TestMethodWorker.invokeTestMethods(TestMethodWorker.java:146)
at org.testng.internal.TestMethodWorker.run(TestMethodWorker.java:128)
at java.base/java.util.ArrayList.forEach(ArrayList.java:1596)
at org.testng.TestRunner.privateRun(TestRunner.java:794)
at org.testng.TestRunner.run(TestRunner.java:596)
at org.testng.SuiteRunner.runTest(SuiteRunner.java:377)
at org.testng.SuiteRunner.runSequentially(SuiteRunner.java:371)
at org.testng.SuiteRunner.privateRun(SuiteRunner.java:332)
at org.testng.SuiteRunner.run(SuiteRunner.java:276)
at org.testng.SuiteRunnerWorker.runSuite(SuiteRunnerWorker.java:53)
at org.testng.SuiteRunnerWorker.run(SuiteRunnerWorker.java:96)
at org.testng.TestNG.runSuitesSequentially(TestNG.java:1212)
at org.testng.TestNG.runSuitesLocally(TestNG.java:1134)
at org.testng.TestNG.runSuites(TestNG.java:1063)
at org.testng.TestNG.run(TestNG.java:1031)
at org.testng.remote.AbstractRemoteTestNG.run(AbstractRemoteTestNG.java:115)
at org.testng.remote.RemoteTestNG.initAndRun(RemoteTestNG.java:251)
at org.testng.remote.RemoteTestNG.main(RemoteTestNG.java:77)
]]>
            </full-stacktrace>
          </exception> <!-- java.lang.Throwable -->
          <reporter-output>
          </reporter-output>
        </test-method> <!-- ProductionDowntime -->
        <test-method is-config="true" signature="tearDown()[pri:0, instance:SeleniumPack.Test1code@54107f42]" started-at="2024-03-09T16:51:54 IST" name="tearDown" finished-at="2024-03-09T16:51:54 IST" duration-ms="392" status="PASS">
          <reporter-output>
          </reporter-output>
        </test-method> <!-- tearDown -->
        <test-method signature="PartModuleTesting()[pri:5, instance:SeleniumPack.Test1code@54107f42]" started-at="2024-03-09T16:51:54 IST" name="PartModuleTesting" finished-at="2024-03-09T16:51:54 IST" depends-on-methods="SeleniumPack.Test1code.UsernamePasswordTesting, SeleniumPack.Test1code.WebsiteTitleTesting, SeleniumPack.Test1code.MachineModuleTesting, SeleniumPack.Test1code.CorrectUserPassTesting" duration-ms="0" status="SKIP">
          <exception class="java.lang.Throwable">
            <message>
              <![CDATA[Method Test1code.PartModuleTesting()[pri:5, instance:SeleniumPack.Test1code@54107f42] depends on not successfully finished methods]]>
            </message>
            <full-stacktrace>
              <![CDATA[java.lang.Throwable: Method Test1code.PartModuleTesting()[pri:5, instance:SeleniumPack.Test1code@54107f42] depends on not successfully finished methods
at org.testng.internal.TestInvoker.invokeTestMethods(TestInvoker.java:102)
at org.testng.internal.TestMethodWorker.invokeTestMethods(TestMethodWorker.java:146)
at org.testng.internal.TestMethodWorker.run(TestMethodWorker.java:128)
at java.base/java.util.ArrayList.forEach(ArrayList.java:1596)
at org.testng.TestRunner.privateRun(TestRunner.java:794)
at org.testng.TestRunner.run(TestRunner.java:596)
at org.testng.SuiteRunner.runTest(SuiteRunner.java:377)
at org.testng.SuiteRunner.runSequentially(SuiteRunner.java:371)
at org.testng.SuiteRunner.privateRun(SuiteRunner.java:332)
at org.testng.SuiteRunner.run(SuiteRunner.java:276)
at org.testng.SuiteRunnerWorker.runSuite(SuiteRunnerWorker.java:53)
at org.testng.SuiteRunnerWorker.run(SuiteRunnerWorker.java:96)
at org.testng.TestNG.runSuitesSequentially(TestNG.java:1212)
at org.testng.TestNG.runSuitesLocally(TestNG.java:1134)
at org.testng.TestNG.runSuites(TestNG.java:1063)
at org.testng.TestNG.run(TestNG.java:1031)
at org.testng.remote.AbstractRemoteTestNG.run(AbstractRemoteTestNG.java:115)
at org.testng.remote.RemoteTestNG.initAndRun(RemoteTestNG.java:251)
at org.testng.remote.RemoteTestNG.main(RemoteTestNG.java:77)
]]>
            </full-stacktrace>
          </exception> <!-- java.lang.Throwable -->
          <reporter-output>
          </reporter-output>
        </test-method> <!-- PartModuleTesting -->
      </class> <!-- SeleniumPack.Test1code -->
    </test> <!-- Default test -->
  </suite> <!-- Default suite -->
</testng-results>
